<?xml version="1.0" encoding="UTF-8"?>
<testng-results ignored="0" total="1" passed="1" failed="0" skipped="0">
  <reporter-output>
  </reporter-output>
  <suite started-at="2020-11-10T15:25:16 IST" name="inetBankingV1" finished-at="2020-11-10T15:27:08 IST" duration-ms="112052">
    <groups>
    </groups>
    <test started-at="2020-11-10T15:25:16 IST" name="Test" finished-at="2020-11-10T15:27:08 IST" duration-ms="112052">
      <class name="com.inetbanking.testCases.TC_LoginTest_001">
        <test-method is-config="true" signature="setup(java.lang.String)[pri:0, instance:com.inetbanking.testCases.TC_LoginTest_001@124c278f]" started-at="2020-11-10T15:25:16 IST" name="setup" finished-at="2020-11-10T15:26:25 IST" duration-ms="68957" status="PASS">
          <params>
            <param index="0">
              <value>
                <![CDATA[firefox]]>
              </value>
            </param>
          </params>
          <reporter-output>
          </reporter-output>
        </test-method> <!-- setup -->
        <test-method signature="loginTest()[pri:0, instance:com.inetbanking.testCases.TC_LoginTest_001@124c278f]" started-at="2020-11-10T15:26:25 IST" name="loginTest" finished-at="2020-11-10T15:27:06 IST" duration-ms="41058" status="PASS">
          <reporter-output>
          </reporter-output>
        </test-method> <!-- loginTest -->
        <test-method is-config="true" signature="tearDown()[pri:0, instance:com.inetbanking.testCases.TC_LoginTest_001@124c278f]" started-at="2020-11-10T15:27:06 IST" name="tearDown" finished-at="2020-11-10T15:27:08 IST" duration-ms="1699" status="PASS">
          <reporter-output>
          </reporter-output>
        </test-method> <!-- tearDown -->
      </class> <!-- com.inetbanking.testCases.TC_LoginTest_001 -->
    </test> <!-- Test -->
  </suite> <!-- inetBankingV1 -->
</testng-results>
